[debug] [2024-01-06T14:09:41.328Z] ----------------------------------------------------------------------
[debug] [2024-01-06T14:09:41.331Z] Command:       C:\Program Files\nodejs\node.exe C:\Users\FUJITSU\AppData\Roaming\npm\node_modules\firebase-tools\lib\bin\firebase.js init
[debug] [2024-01-06T14:09:41.332Z] CLI Version:   13.0.2
[debug] [2024-01-06T14:09:41.333Z] Platform:      win32
[debug] [2024-01-06T14:09:41.333Z] Node Version:  v18.17.1
[debug] [2024-01-06T14:09:41.335Z] Time:          Sat Jan 06 2024 15:09:41 GMT+0100 (West Africa Standard Time)
[debug] [2024-01-06T14:09:41.335Z] ----------------------------------------------------------------------
[debug] 
[debug] [2024-01-06T14:09:41.349Z] > command requires scopes: ["email","openid","https://www.googleapis.com/auth/cloudplatformprojects.readonly","https://www.googleapis.com/auth/firebase","https://www.googleapis.com/auth/cloud-platform"]
[debug] [2024-01-06T14:09:41.349Z] > authorizing via signed-in user (kossyuzoigwe@gmail.com)
[info] 
     ######## #### ########  ######## ########     ###     ######  ########
     ##        ##  ##     ## ##       ##     ##  ##   ##  ##       ##
     ######    ##  ########  ######   ########  #########  ######  ######
     ##        ##  ##    ##  ##       ##     ## ##     ##       ## ##
     ##       #### ##     ## ######## ########  ##     ##  ######  ########

You're about to initialize a Firebase project in this directory:

  C:\Users\FUJITSU\documents\codelab\francisuzoigwe\floatingscroll

[info] 
=== Project Setup
[info] 
[info] First, let's associate this project directory with a Firebase project.
[info] You can create multiple project aliases by running firebase use --add, 
[info] but for now we'll just set up a default project.
[info] 
[debug] [2024-01-06T14:10:20.762Z] ----------------------------------------------------------------------
[debug] [2024-01-06T14:10:20.764Z] Command:       C:\Program Files\nodejs\node.exe C:\Users\FUJITSU\AppData\Roaming\npm\node_modules\firebase-tools\lib\bin\firebase.js init
[debug] [2024-01-06T14:10:20.764Z] CLI Version:   13.0.2
[debug] [2024-01-06T14:10:20.765Z] Platform:      win32
[debug] [2024-01-06T14:10:20.765Z] Node Version:  v18.17.1
[debug] [2024-01-06T14:10:20.766Z] Time:          Sat Jan 06 2024 15:10:20 GMT+0100 (West Africa Standard Time)
[debug] [2024-01-06T14:10:20.766Z] ----------------------------------------------------------------------
[debug] 
[debug] [2024-01-06T14:10:20.775Z] > command requires scopes: ["email","openid","https://www.googleapis.com/auth/cloudplatformprojects.readonly","https://www.googleapis.com/auth/firebase","https://www.googleapis.com/auth/cloud-platform"]
[debug] [2024-01-06T14:10:20.776Z] > authorizing via signed-in user (kossyuzoigwe@gmail.com)
[info] 
     ######## #### ########  ######## ########     ###     ######  ########
     ##        ##  ##     ## ##       ##     ##  ##   ##  ##       ##
     ######    ##  ########  ######   ########  #########  ######  ######
     ##        ##  ##    ##  ##       ##     ## ##     ##       ## ##
     ##       #### ##     ## ######## ########  ##     ##  ######  ########

You're about to initialize a Firebase project in this directory:

  C:\Users\FUJITSU\documents\codelab\francisuzoigwe\floatingscroll

[info] 
=== Project Setup
[info] 
[info] First, let's associate this project directory with a Firebase project.
[info] You can create multiple project aliases by running firebase use --add, 
[info] but for now we'll just set up a default project.
[info] 
[debug] [2024-01-06T14:10:37.793Z] >>> [apiv2][query] GET https://firebase.googleapis.com/v1beta1/projects pageSize=100
[debug] [2024-01-06T14:10:38.807Z] <<< [apiv2][status] GET https://firebase.googleapis.com/v1beta1/projects 200
[debug] [2024-01-06T14:10:38.808Z] <<< [apiv2][body] GET https://firebase.googleapis.com/v1beta1/projects [omitted]
[info] i  Using project floatingscroll (floatingscroll) 
[info] 
=== Hosting Setup
[debug] [2024-01-06T14:10:45.643Z] >>> [apiv2][query] GET https://firebase.googleapis.com/v1beta1/projects/floatingscroll [none]
[debug] [2024-01-06T14:10:46.333Z] <<< [apiv2][status] GET https://firebase.googleapis.com/v1beta1/projects/floatingscroll 200
[debug] [2024-01-06T14:10:46.334Z] <<< [apiv2][body] GET https://firebase.googleapis.com/v1beta1/projects/floatingscroll {"projectId":"floatingscroll","projectNumber":"382338915863","displayName":"floatingscroll","name":"projects/floatingscroll","resources":{"hostingSite":"floatingscroll"},"state":"ACTIVE","etag":"1_94adb600-22e3-4964-aee3-2a1306c4a836"}
[info] 
[info] Your public directory is the folder (relative to your project directory) that
[info] will contain Hosting assets to be uploaded with firebase deploy. If you
[info] have a build process for your assets, use your build's output directory.
[info] 
